<?xml version="1.0" encoding="UTF-8"?>
<testsuite xmlns:xsi="http://www.w3.org/2001/XMLSchema-instance" xsi:noNamespaceSchemaLocation="https://maven.apache.org/surefire/maven-surefire-plugin/xsd/surefire-test-report.xsd" name="qait.TestLinks" time="6.11" tests="1" errors="0" skipped="0" failures="1">
  <properties>
    <property name="sun.desktop" value="gnome"/>
    <property name="awt.toolkit" value="sun.awt.X11.XToolkit"/>
    <property name="file.encoding.pkg" value="sun.io"/>
    <property name="java.specification.version" value="1.8"/>
    <property name="sun.cpu.isalist" value=""/>
    <property name="sun.jnu.encoding" value="UTF-8"/>
    <property name="java.class.path" value="/home/asimsabbag_qait/Downloads/VSCode-linux-x64/resources/app/selenium1/target/test-classes:/home/asimsabbag_qait/Downloads/VSCode-linux-x64/resources/app/selenium1/target/classes:/home/asimsabbag_qait/.m2/repository/junit/junit/4.11/junit-4.11.jar:/home/asimsabbag_qait/.m2/repository/org/hamcrest/hamcrest-core/1.3/hamcrest-core-1.3.jar:/home/asimsabbag_qait/.m2/repository/org/testng/testng/6.14.3/testng-6.14.3.jar:/home/asimsabbag_qait/.m2/repository/com/beust/jcommander/1.72/jcommander-1.72.jar:/home/asimsabbag_qait/.m2/repository/org/apache-extras/beanshell/bsh/2.0b6/bsh-2.0b6.jar:/home/asimsabbag_qait/.m2/repository/org/seleniumhq/selenium/selenium-java/2.53.0/selenium-java-2.53.0.jar:/home/asimsabbag_qait/.m2/repository/org/seleniumhq/selenium/selenium-chrome-driver/2.53.0/selenium-chrome-driver-2.53.0.jar:/home/asimsabbag_qait/.m2/repository/org/seleniumhq/selenium/selenium-remote-driver/2.53.0/selenium-remote-driver-2.53.0.jar:/home/asimsabbag_qait/.m2/repository/cglib/cglib-nodep/2.1_3/cglib-nodep-2.1_3.jar:/home/asimsabbag_qait/.m2/repository/com/google/code/gson/gson/2.3.1/gson-2.3.1.jar:/home/asimsabbag_qait/.m2/repository/org/seleniumhq/selenium/selenium-api/2.53.0/selenium-api-2.53.0.jar:/home/asimsabbag_qait/.m2/repository/org/apache/httpcomponents/httpclient/4.5.1/httpclient-4.5.1.jar:/home/asimsabbag_qait/.m2/repository/org/apache/httpcomponents/httpcore/4.4.3/httpcore-4.4.3.jar:/home/asimsabbag_qait/.m2/repository/commons-logging/commons-logging/1.2/commons-logging-1.2.jar:/home/asimsabbag_qait/.m2/repository/commons-codec/commons-codec/1.9/commons-codec-1.9.jar:/home/asimsabbag_qait/.m2/repository/com/google/guava/guava/19.0/guava-19.0.jar:/home/asimsabbag_qait/.m2/repository/org/seleniumhq/selenium/selenium-edge-driver/2.53.0/selenium-edge-driver-2.53.0.jar:/home/asimsabbag_qait/.m2/repository/commons-io/commons-io/2.4/commons-io-2.4.jar:/home/asimsabbag_qait/.m2/repository/org/apache/commons/commons-exec/1.3/commons-exec-1.3.jar:/home/asimsabbag_qait/.m2/repository/org/seleniumhq/selenium/selenium-firefox-driver/2.53.0/selenium-firefox-driver-2.53.0.jar:/home/asimsabbag_qait/.m2/repository/org/seleniumhq/selenium/selenium-ie-driver/2.53.0/selenium-ie-driver-2.53.0.jar:/home/asimsabbag_qait/.m2/repository/net/java/dev/jna/jna/4.1.0/jna-4.1.0.jar:/home/asimsabbag_qait/.m2/repository/net/java/dev/jna/jna-platform/4.1.0/jna-platform-4.1.0.jar:/home/asimsabbag_qait/.m2/repository/org/seleniumhq/selenium/selenium-safari-driver/2.53.0/selenium-safari-driver-2.53.0.jar:/home/asimsabbag_qait/.m2/repository/io/netty/netty/3.5.7.Final/netty-3.5.7.Final.jar:/home/asimsabbag_qait/.m2/repository/org/seleniumhq/selenium/selenium-support/2.53.0/selenium-support-2.53.0.jar:/home/asimsabbag_qait/.m2/repository/org/seleniumhq/selenium/selenium-leg-rc/2.53.0/selenium-leg-rc-2.53.0.jar:"/>
    <property name="java.vm.vendor" value="Oracle Corporation"/>
    <property name="sun.arch.data.model" value="64"/>
    <property name="java.vendor.url" value="http://java.oracle.com/"/>
    <property name="user.timezone" value=""/>
    <property name="java.vm.specification.version" value="1.8"/>
    <property name="os.name" value="Linux"/>
    <property name="user.country" value="US"/>
    <property name="sun.java.launcher" value="SUN_STANDARD"/>
    <property name="sun.boot.library.path" value="/usr/lib/jvm/java-8-openjdk-amd64/jre/lib/amd64"/>
    <property name="sun.java.command" value="/home/asimsabbag_qait/Downloads/VSCode-linux-x64/resources/app/selenium1/target/surefire/surefirebooter7374533164521230463.jar /home/asimsabbag_qait/Downloads/VSCode-linux-x64/resources/app/selenium1/target/surefire 2019-02-26T12-38-59_102-jvmRun1 surefire4040438998778289166tmp surefire_07485295483616502119tmp"/>
    <property name="test" value="TestLinks"/>
    <property name="surefire.test.class.path" value="/home/asimsabbag_qait/Downloads/VSCode-linux-x64/resources/app/selenium1/target/test-classes:/home/asimsabbag_qait/Downloads/VSCode-linux-x64/resources/app/selenium1/target/classes:/home/asimsabbag_qait/.m2/repository/junit/junit/4.11/junit-4.11.jar:/home/asimsabbag_qait/.m2/repository/org/hamcrest/hamcrest-core/1.3/hamcrest-core-1.3.jar:/home/asimsabbag_qait/.m2/repository/org/testng/testng/6.14.3/testng-6.14.3.jar:/home/asimsabbag_qait/.m2/repository/com/beust/jcommander/1.72/jcommander-1.72.jar:/home/asimsabbag_qait/.m2/repository/org/apache-extras/beanshell/bsh/2.0b6/bsh-2.0b6.jar:/home/asimsabbag_qait/.m2/repository/org/seleniumhq/selenium/selenium-java/2.53.0/selenium-java-2.53.0.jar:/home/asimsabbag_qait/.m2/repository/org/seleniumhq/selenium/selenium-chrome-driver/2.53.0/selenium-chrome-driver-2.53.0.jar:/home/asimsabbag_qait/.m2/repository/org/seleniumhq/selenium/selenium-remote-driver/2.53.0/selenium-remote-driver-2.53.0.jar:/home/asimsabbag_qait/.m2/repository/cglib/cglib-nodep/2.1_3/cglib-nodep-2.1_3.jar:/home/asimsabbag_qait/.m2/repository/com/google/code/gson/gson/2.3.1/gson-2.3.1.jar:/home/asimsabbag_qait/.m2/repository/org/seleniumhq/selenium/selenium-api/2.53.0/selenium-api-2.53.0.jar:/home/asimsabbag_qait/.m2/repository/org/apache/httpcomponents/httpclient/4.5.1/httpclient-4.5.1.jar:/home/asimsabbag_qait/.m2/repository/org/apache/httpcomponents/httpcore/4.4.3/httpcore-4.4.3.jar:/home/asimsabbag_qait/.m2/repository/commons-logging/commons-logging/1.2/commons-logging-1.2.jar:/home/asimsabbag_qait/.m2/repository/commons-codec/commons-codec/1.9/commons-codec-1.9.jar:/home/asimsabbag_qait/.m2/repository/com/google/guava/guava/19.0/guava-19.0.jar:/home/asimsabbag_qait/.m2/repository/org/seleniumhq/selenium/selenium-edge-driver/2.53.0/selenium-edge-driver-2.53.0.jar:/home/asimsabbag_qait/.m2/repository/commons-io/commons-io/2.4/commons-io-2.4.jar:/home/asimsabbag_qait/.m2/repository/org/apache/commons/commons-exec/1.3/commons-exec-1.3.jar:/home/asimsabbag_qait/.m2/repository/org/seleniumhq/selenium/selenium-firefox-driver/2.53.0/selenium-firefox-driver-2.53.0.jar:/home/asimsabbag_qait/.m2/repository/org/seleniumhq/selenium/selenium-ie-driver/2.53.0/selenium-ie-driver-2.53.0.jar:/home/asimsabbag_qait/.m2/repository/net/java/dev/jna/jna/4.1.0/jna-4.1.0.jar:/home/asimsabbag_qait/.m2/repository/net/java/dev/jna/jna-platform/4.1.0/jna-platform-4.1.0.jar:/home/asimsabbag_qait/.m2/repository/org/seleniumhq/selenium/selenium-safari-driver/2.53.0/selenium-safari-driver-2.53.0.jar:/home/asimsabbag_qait/.m2/repository/io/netty/netty/3.5.7.Final/netty-3.5.7.Final.jar:/home/asimsabbag_qait/.m2/repository/org/seleniumhq/selenium/selenium-support/2.53.0/selenium-support-2.53.0.jar:/home/asimsabbag_qait/.m2/repository/org/seleniumhq/selenium/selenium-leg-rc/2.53.0/selenium-leg-rc-2.53.0.jar:"/>
    <property name="sun.cpu.endian" value="little"/>
    <property name="user.home" value="/home/asimsabbag_qait"/>
    <property name="user.language" value="en"/>
    <property name="java.specification.vendor" value="Oracle Corporation"/>
    <property name="java.home" value="/usr/lib/jvm/java-8-openjdk-amd64/jre"/>
    <property name="basedir" value="/home/asimsabbag_qait/Downloads/VSCode-linux-x64/resources/app/selenium1"/>
    <property name="file.separator" value="/"/>
    <property name="line.separator" value="&#10;"/>
    <property name="java.vm.specification.vendor" value="Oracle Corporation"/>
    <property name="java.specification.name" value="Java Platform API Specification"/>
    <property name="java.awt.graphicsenv" value="sun.awt.X11GraphicsEnvironment"/>
    <property name="surefire.real.class.path" value="/home/asimsabbag_qait/Downloads/VSCode-linux-x64/resources/app/selenium1/target/surefire/surefirebooter7374533164521230463.jar"/>
    <property name="sun.boot.class.path" value="/usr/lib/jvm/java-8-openjdk-amd64/jre/lib/resources.jar:/usr/lib/jvm/java-8-openjdk-amd64/jre/lib/rt.jar:/usr/lib/jvm/java-8-openjdk-amd64/jre/lib/sunrsasign.jar:/usr/lib/jvm/java-8-openjdk-amd64/jre/lib/jsse.jar:/usr/lib/jvm/java-8-openjdk-amd64/jre/lib/jce.jar:/usr/lib/jvm/java-8-openjdk-amd64/jre/lib/charsets.jar:/usr/lib/jvm/java-8-openjdk-amd64/jre/lib/jfr.jar:/usr/lib/jvm/java-8-openjdk-amd64/jre/classes"/>
    <property name="sun.management.compiler" value="HotSpot 64-Bit Tiered Compilers"/>
    <property name="java.runtime.version" value="1.8.0_191-8u191-b12-2ubuntu0.16.04.1-b12"/>
    <property name="user.name" value="asimsabbag_qait"/>
    <property name="path.separator" value=":"/>
    <property name="os.version" value="4.15.0-45-generic"/>
    <property name="java.endorsed.dirs" value="/usr/lib/jvm/java-8-openjdk-amd64/jre/lib/endorsed"/>
    <property name="java.runtime.name" value="OpenJDK Runtime Environment"/>
    <property name="file.encoding" value="UTF-8"/>
    <property name="java.vm.name" value="OpenJDK 64-Bit Server VM"/>
    <property name="localRepository" value="/home/asimsabbag_qait/.m2/repository"/>
    <property name="java.vendor.url.bug" value="http://bugreport.sun.com/bugreport/"/>
    <property name="java.io.tmpdir" value="/tmp"/>
    <property name="java.version" value="1.8.0_191"/>
    <property name="user.dir" value="/home/asimsabbag_qait/Downloads/VSCode-linux-x64/resources/app/selenium1"/>
    <property name="os.arch" value="amd64"/>
    <property name="java.vm.specification.name" value="Java Virtual Machine Specification"/>
    <property name="java.awt.printerjob" value="sun.print.PSPrinterJob"/>
    <property name="sun.os.patch.level" value="unknown"/>
    <property name="java.library.path" value="/usr/java/packages/lib/amd64:/usr/lib/x86_64-linux-gnu/jni:/lib/x86_64-linux-gnu:/usr/lib/x86_64-linux-gnu:/usr/lib/jni:/lib:/usr/lib"/>
    <property name="java.vm.info" value="mixed mode"/>
    <property name="java.vendor" value="Oracle Corporation"/>
    <property name="java.vm.version" value="25.191-b12"/>
    <property name="java.ext.dirs" value="/usr/lib/jvm/java-8-openjdk-amd64/jre/lib/ext:/usr/java/packages/lib/ext"/>
    <property name="sun.io.unicode.encoding" value="UnicodeLittle"/>
    <property name="java.class.version" value="52.0"/>
  </properties>
  <testcase name="testLinks" classname="qait.TestLinks" time="1.19">
    <failure message="expected [WYSIWYG ditor] but found [WYSIWYG Editor]" type="java.lang.AssertionError">java.lang.AssertionError: expected [WYSIWYG ditor] but found [WYSIWYG Editor]
	at qait.TestLinks.testLinks(TestLinks.java:32)
</failure>
    <system-err><![CDATA[Starting ChromeDriver 2.46.628388 (4a34a70827ac54148e092aafb70504c4ea7ae926) on port 26996
Only local connections are allowed.
Please protect ports used by ChromeDriver and related test frameworks to prevent access by malicious code.
]]></system-err>
  </testcase>
</testsuite>